<?xml version="1.0" encoding="UTF-8"?>
<!-- Generated by org.testng.reporters.JUnitReportReporter -->
<testsuite hostname="ASCDK041" name="com.pack.test.B" tests="1" failures="0" timestamp="14 Apr 2016 14:41:38 GMT" time="58.992" errors="0">
  <testcase name="rechargePayTM" time="58.992" classname="com.pack.test.B"/>
</testsuite> <!-- com.pack.test.B -->
